{
  "RSpec": {
    "coverage": {
      "/Users/mirandaweston/Makers-projects/takeaway-challenge/spec/menu_spec.rb": {
        "lines": [
          1,
          null,
          1,
          1,
          2,
          null,
          1,
          2,
          null,
          null
        ]
      },
      "/Users/mirandaweston/Makers-projects/takeaway-challenge/lib/menu.rb": {
        "lines": [
          1,
          1,
          null,
          1,
          2,
          null,
          null,
          null,
          null,
          1,
          1,
          1,
          3,
          null,
          null,
          null
        ]
      },
      "/Users/mirandaweston/Makers-projects/takeaway-challenge/spec/order_spec.rb": {
        "lines": [
          1,
          1,
          1,
          null,
          1,
          5,
          5,
          null,
          1,
          1,
          3,
          null,
          null,
          1,
          1,
          1,
          1,
          null,
          null,
          1,
          1,
          2,
          null,
          null,
          1,
          1,
          1,
          1,
          null,
          null,
          null,
          1,
          1,
          1,
          1,
          1,
          null,
          null,
          1,
          1,
          1,
          1,
          null,
          2,
          null,
          null,
          null
        ]
      },
      "/Users/mirandaweston/Makers-projects/takeaway-challenge/lib/order.rb": {
        "lines": [
          1,
          1,
          1,
          null,
          1,
          1,
          null,
          1,
          5,
          5,
          5,
          5,
          null,
          null,
          1,
          4,
          7,
          7,
          7,
          7,
          4,
          3,
          3,
          null,
          null,
          null,
          1,
          1,
          1,
          2,
          1,
          null,
          1,
          1,
          null,
          null
        ]
      },
      "/Users/mirandaweston/Makers-projects/takeaway-challenge/lib/twilio_api.rb": {
        "lines": [
          1,
          null,
          1,
          null,
          1,
          2,
          null,
          null,
          1,
          1,
          1,
          null,
          1,
          null,
          1,
          null,
          null,
          null,
          null,
          null,
          null,
          null,
          null,
          null,
          null
        ]
      },
      "/Users/mirandaweston/Makers-projects/takeaway-challenge/spec/takeaway_integration_spec.rb": {
        "lines": [
          1,
          1,
          null,
          1,
          1,
          1,
          1,
          1,
          1,
          1,
          null,
          null
        ]
      },
      "/Users/mirandaweston/Makers-projects/takeaway-challenge/spec/twilio_api_spec.rb": {
        "lines": [
          1,
          1,
          1,
          null,
          1,
          3,
          null,
          1,
          1,
          1,
          1,
          null,
          null,
          null,
          null,
          1,
          1,
          1,
          1,
          1,
          null,
          1,
          1,
          1,
          null,
          1,
          null,
          null,
          null
        ]
      }
    },
    "timestamp": 1676747913
  }
}
